mode: set
github.com/allanpk716/go_test_reader/internal/parser/encoding.go:11.68,15.33 3 0
github.com/allanpk716/go_test_reader/internal/parser/encoding.go:15.33,17.3 1 0
github.com/allanpk716/go_test_reader/internal/parser/encoding.go:20.2,20.48 1 0
github.com/allanpk716/go_test_reader/internal/parser/encoding.go:20.48,23.3 1 0
github.com/allanpk716/go_test_reader/internal/parser/encoding.go:26.2,26.48 1 0
github.com/allanpk716/go_test_reader/internal/parser/encoding.go:26.48,29.3 1 0
github.com/allanpk716/go_test_reader/internal/parser/encoding.go:32.2,32.24 1 0
github.com/allanpk716/go_test_reader/internal/parser/encoding.go:32.24,34.3 1 0
github.com/allanpk716/go_test_reader/internal/parser/encoding.go:37.2,37.24 1 0
github.com/allanpk716/go_test_reader/internal/parser/encoding.go:37.24,39.3 1 0
github.com/allanpk716/go_test_reader/internal/parser/encoding.go:42.2,42.62 1 0
github.com/allanpk716/go_test_reader/internal/parser/encoding.go:46.34,47.19 1 0
github.com/allanpk716/go_test_reader/internal/parser/encoding.go:47.19,49.3 1 0
github.com/allanpk716/go_test_reader/internal/parser/encoding.go:52.2,53.47 2 0
github.com/allanpk716/go_test_reader/internal/parser/encoding.go:53.47,54.19 1 0
github.com/allanpk716/go_test_reader/internal/parser/encoding.go:54.19,56.4 1 0
github.com/allanpk716/go_test_reader/internal/parser/encoding.go:60.2,60.34 1 0
github.com/allanpk716/go_test_reader/internal/parser/encoding.go:64.34,65.19 1 0
github.com/allanpk716/go_test_reader/internal/parser/encoding.go:65.19,67.3 1 0
github.com/allanpk716/go_test_reader/internal/parser/encoding.go:70.2,71.47 2 0
github.com/allanpk716/go_test_reader/internal/parser/encoding.go:71.47,72.19 1 0
github.com/allanpk716/go_test_reader/internal/parser/encoding.go:72.19,74.4 1 0
github.com/allanpk716/go_test_reader/internal/parser/encoding.go:78.2,78.34 1 0
github.com/allanpk716/go_test_reader/internal/parser/encoding.go:82.84,86.16 3 0
github.com/allanpk716/go_test_reader/internal/parser/encoding.go:86.16,88.3 1 0
github.com/allanpk716/go_test_reader/internal/parser/encoding.go:89.2,92.25 2 0
github.com/allanpk716/go_test_reader/internal/parser/encoding.go:92.25,94.3 1 0
github.com/allanpk716/go_test_reader/internal/parser/encoding.go:97.2,98.39 2 0
github.com/allanpk716/go_test_reader/internal/parser/encoding.go:98.39,100.3 1 0
github.com/allanpk716/go_test_reader/internal/parser/encoding.go:103.2,105.29 3 0
github.com/allanpk716/go_test_reader/internal/parser/encoding.go:105.29,106.24 1 0
github.com/allanpk716/go_test_reader/internal/parser/encoding.go:106.24,110.4 3 0
github.com/allanpk716/go_test_reader/internal/parser/encoding.go:113.2,113.40 1 0
github.com/allanpk716/go_test_reader/internal/parser/encoding.go:117.84,121.16 3 0
github.com/allanpk716/go_test_reader/internal/parser/encoding.go:121.16,123.3 1 0
github.com/allanpk716/go_test_reader/internal/parser/encoding.go:124.2,127.25 2 0
github.com/allanpk716/go_test_reader/internal/parser/encoding.go:127.25,129.3 1 0
github.com/allanpk716/go_test_reader/internal/parser/encoding.go:132.2,133.39 2 0
github.com/allanpk716/go_test_reader/internal/parser/encoding.go:133.39,135.3 1 0
github.com/allanpk716/go_test_reader/internal/parser/encoding.go:138.2,140.29 3 0
github.com/allanpk716/go_test_reader/internal/parser/encoding.go:140.29,141.24 1 0
github.com/allanpk716/go_test_reader/internal/parser/encoding.go:141.24,145.4 3 0
github.com/allanpk716/go_test_reader/internal/parser/encoding.go:148.2,148.40 1 0
github.com/allanpk716/go_test_reader/internal/parser/encoding.go:152.70,155.16 2 0
github.com/allanpk716/go_test_reader/internal/parser/encoding.go:155.16,157.3 1 0
github.com/allanpk716/go_test_reader/internal/parser/encoding.go:160.2,160.38 1 0
github.com/allanpk716/go_test_reader/internal/parser/encoding.go:164.58,167.16 2 0
github.com/allanpk716/go_test_reader/internal/parser/encoding.go:167.16,169.3 1 0
github.com/allanpk716/go_test_reader/internal/parser/encoding.go:172.2,172.41 1 0
github.com/allanpk716/go_test_reader/internal/parser/parser.go:44.58,57.21 5 1
github.com/allanpk716/go_test_reader/internal/parser/parser.go:57.21,59.17 2 1
github.com/allanpk716/go_test_reader/internal/parser/parser.go:59.17,60.12 1 0
github.com/allanpk716/go_test_reader/internal/parser/parser.go:63.3,64.62 2 1
github.com/allanpk716/go_test_reader/internal/parser/parser.go:64.62,66.12 1 1
github.com/allanpk716/go_test_reader/internal/parser/parser.go:70.3,70.56 1 1
github.com/allanpk716/go_test_reader/internal/parser/parser.go:70.56,73.4 2 1
github.com/allanpk716/go_test_reader/internal/parser/parser.go:76.3,76.23 1 1
github.com/allanpk716/go_test_reader/internal/parser/parser.go:76.23,77.24 1 1
github.com/allanpk716/go_test_reader/internal/parser/parser.go:78.15,80.61 1 1
github.com/allanpk716/go_test_reader/internal/parser/parser.go:80.61,85.6 1 1
github.com/allanpk716/go_test_reader/internal/parser/parser.go:87.18,89.27 1 1
github.com/allanpk716/go_test_reader/internal/parser/parser.go:89.27,91.6 1 1
github.com/allanpk716/go_test_reader/internal/parser/parser.go:93.16,98.65 3 1
github.com/allanpk716/go_test_reader/internal/parser/parser.go:98.65,102.6 3 1
github.com/allanpk716/go_test_reader/internal/parser/parser.go:102.11,108.6 1 0
github.com/allanpk716/go_test_reader/internal/parser/parser.go:110.16,118.65 5 1
github.com/allanpk716/go_test_reader/internal/parser/parser.go:118.65,123.6 4 1
github.com/allanpk716/go_test_reader/internal/parser/parser.go:123.11,130.6 1 0
github.com/allanpk716/go_test_reader/internal/parser/parser.go:132.16,137.65 3 1
github.com/allanpk716/go_test_reader/internal/parser/parser.go:137.65,141.6 3 1
github.com/allanpk716/go_test_reader/internal/parser/parser.go:141.11,147.6 1 0
github.com/allanpk716/go_test_reader/internal/parser/parser.go:152.2,152.38 1 1
github.com/allanpk716/go_test_reader/internal/parser/parser.go:152.38,154.3 1 0
github.com/allanpk716/go_test_reader/internal/parser/parser.go:157.2,159.20 2 1
github.com/allanpk716/go_test_reader/internal/parser/parser.go:163.51,167.29 3 1
github.com/allanpk716/go_test_reader/internal/parser/parser.go:167.29,177.38 2 1
github.com/allanpk716/go_test_reader/internal/parser/parser.go:177.38,179.4 1 1
github.com/allanpk716/go_test_reader/internal/parser/parser.go:182.2,182.25 1 1
github.com/allanpk716/go_test_reader/internal/parser/parser.go:182.25,184.3 1 1
github.com/allanpk716/go_test_reader/internal/parser/parser.go:187.2,187.20 1 1
github.com/allanpk716/go_test_reader/internal/parser/parser.go:187.20,189.28 2 1
github.com/allanpk716/go_test_reader/internal/parser/parser.go:189.28,191.4 1 1
github.com/allanpk716/go_test_reader/internal/parser/parser.go:192.3,192.46 1 1
github.com/allanpk716/go_test_reader/internal/parser/parser.go:195.2,195.37 1 0
github.com/allanpk716/go_test_reader/internal/parser/parser.go:199.46,204.21 4 1
github.com/allanpk716/go_test_reader/internal/parser/parser.go:204.21,207.17 3 1
github.com/allanpk716/go_test_reader/internal/parser/parser.go:207.17,208.12 1 0
github.com/allanpk716/go_test_reader/internal/parser/parser.go:211.3,212.62 2 1
github.com/allanpk716/go_test_reader/internal/parser/parser.go:212.62,214.4 1 1
github.com/allanpk716/go_test_reader/internal/parser/parser.go:217.3,217.23 1 1
github.com/allanpk716/go_test_reader/internal/parser/parser.go:217.23,218.9 1 0
github.com/allanpk716/go_test_reader/internal/parser/parser.go:222.2,222.38 1 1
github.com/allanpk716/go_test_reader/internal/parser/parser.go:222.38,224.3 1 0
github.com/allanpk716/go_test_reader/internal/parser/parser.go:226.2,226.20 1 1
github.com/allanpk716/go_test_reader/internal/parser/parser.go:226.20,228.3 1 1
github.com/allanpk716/go_test_reader/internal/parser/parser.go:231.2,231.30 1 1
github.com/allanpk716/go_test_reader/internal/parser/parser.go:231.30,233.3 1 1
github.com/allanpk716/go_test_reader/internal/parser/parser.go:235.2,235.12 1 1
github.com/allanpk716/go_test_reader/internal/task/manager.go:44.28,48.2 1 1
github.com/allanpk716/go_test_reader/internal/task/manager.go:51.57,69.2 6 1
github.com/allanpk716/go_test_reader/internal/task/manager.go:72.44,77.2 3 1
github.com/allanpk716/go_test_reader/internal/task/manager.go:80.50,85.13 4 1
github.com/allanpk716/go_test_reader/internal/task/manager.go:85.13,87.3 1 1
github.com/allanpk716/go_test_reader/internal/task/manager.go:89.2,92.100 3 1
github.com/allanpk716/go_test_reader/internal/task/manager.go:92.100,94.3 1 1
github.com/allanpk716/go_test_reader/internal/task/manager.go:96.2,100.12 4 1
github.com/allanpk716/go_test_reader/internal/task/manager.go:104.39,109.31 4 0
github.com/allanpk716/go_test_reader/internal/task/manager.go:109.31,111.3 1 0
github.com/allanpk716/go_test_reader/internal/task/manager.go:113.2,113.14 1 0
github.com/allanpk716/go_test_reader/internal/task/manager.go:117.57,122.32 4 0
github.com/allanpk716/go_test_reader/internal/task/manager.go:122.32,123.39 1 0
github.com/allanpk716/go_test_reader/internal/task/manager.go:123.39,125.26 2 0
github.com/allanpk716/go_test_reader/internal/task/manager.go:125.26,127.5 1 0
github.com/allanpk716/go_test_reader/internal/task/manager.go:128.4,129.23 2 0
github.com/allanpk716/go_test_reader/internal/task/manager.go:135.29,141.2 4 1
github.com/allanpk716/go_test_reader/internal/task/manager.go:144.53,151.2 5 1
github.com/allanpk716/go_test_reader/internal/task/manager.go:154.36,161.2 5 1
github.com/allanpk716/go_test_reader/internal/task/manager.go:164.51,176.20 4 1
github.com/allanpk716/go_test_reader/internal/task/manager.go:176.20,178.3 1 0
github.com/allanpk716/go_test_reader/internal/task/manager.go:180.2,180.21 1 1
github.com/allanpk716/go_test_reader/internal/task/manager.go:180.21,189.3 1 1
github.com/allanpk716/go_test_reader/internal/task/manager.go:191.2,191.15 1 1
github.com/allanpk716/go_test_reader/internal/task/manager.go:195.71,199.21 3 1
github.com/allanpk716/go_test_reader/internal/task/manager.go:199.21,201.3 1 0
github.com/allanpk716/go_test_reader/internal/task/manager.go:203.2,203.63 1 1
github.com/allanpk716/go_test_reader/internal/task/manager.go:203.63,211.3 1 1
github.com/allanpk716/go_test_reader/internal/task/manager.go:213.2,213.12 1 1
github.com/allanpk716/go_test_reader/internal/task/manager.go:217.34,218.9 1 1
github.com/allanpk716/go_test_reader/internal/task/manager.go:219.22,220.14 1 1
github.com/allanpk716/go_test_reader/internal/task/manager.go:221.10,222.15 1 1
github.com/allanpk716/go_test_reader/internal/testutil/mock_server.go:31.40,39.2 1 0
github.com/allanpk716/go_test_reader/internal/testutil/mock_server.go:42.33,46.2 3 0
github.com/allanpk716/go_test_reader/internal/testutil/mock_server.go:49.32,53.2 3 0
github.com/allanpk716/go_test_reader/internal/testutil/mock_server.go:56.42,60.2 3 0
github.com/allanpk716/go_test_reader/internal/testutil/mock_server.go:63.74,67.2 3 0
github.com/allanpk716/go_test_reader/internal/testutil/mock_server.go:70.53,76.2 5 0
github.com/allanpk716/go_test_reader/internal/testutil/mock_server.go:79.57,83.37 4 0
github.com/allanpk716/go_test_reader/internal/testutil/mock_server.go:83.37,84.28 1 0
github.com/allanpk716/go_test_reader/internal/testutil/mock_server.go:84.28,86.4 1 0
github.com/allanpk716/go_test_reader/internal/testutil/mock_server.go:88.2,88.14 1 0
github.com/allanpk716/go_test_reader/internal/testutil/mock_server.go:92.40,96.2 3 0
github.com/allanpk716/go_test_reader/internal/testutil/mock_server.go:99.113,109.2 3 0
github.com/allanpk716/go_test_reader/internal/testutil/mock_server.go:112.97,113.20 1 0
github.com/allanpk716/go_test_reader/internal/testutil/mock_server.go:113.20,117.3 3 0
github.com/allanpk716/go_test_reader/internal/testutil/mock_server.go:119.2,120.27 2 0
github.com/allanpk716/go_test_reader/internal/testutil/mock_server.go:120.27,124.3 3 0
github.com/allanpk716/go_test_reader/internal/testutil/mock_server.go:127.2,127.64 1 0
github.com/allanpk716/go_test_reader/internal/testutil/mock_server.go:127.64,130.3 2 0
github.com/allanpk716/go_test_reader/internal/testutil/mock_server.go:133.2,135.17 3 0
github.com/allanpk716/go_test_reader/internal/testutil/mock_server.go:135.17,139.3 3 0
github.com/allanpk716/go_test_reader/internal/testutil/mock_server.go:142.2,151.20 4 0
github.com/allanpk716/go_test_reader/internal/testutil/mock_server.go:155.101,156.20 1 0
github.com/allanpk716/go_test_reader/internal/testutil/mock_server.go:156.20,160.3 3 0
github.com/allanpk716/go_test_reader/internal/testutil/mock_server.go:162.2,163.25 2 0
github.com/allanpk716/go_test_reader/internal/testutil/mock_server.go:163.25,167.3 3 0
github.com/allanpk716/go_test_reader/internal/testutil/mock_server.go:170.2,170.68 1 0
github.com/allanpk716/go_test_reader/internal/testutil/mock_server.go:170.68,173.3 2 0
github.com/allanpk716/go_test_reader/internal/testutil/mock_server.go:176.2,177.17 2 0
github.com/allanpk716/go_test_reader/internal/testutil/mock_server.go:177.17,181.3 3 0
github.com/allanpk716/go_test_reader/internal/testutil/mock_server.go:183.2,186.20 3 0
github.com/allanpk716/go_test_reader/internal/testutil/mock_server.go:190.97,191.20 1 0
github.com/allanpk716/go_test_reader/internal/testutil/mock_server.go:191.20,195.3 3 0
github.com/allanpk716/go_test_reader/internal/testutil/mock_server.go:197.2,198.25 2 0
github.com/allanpk716/go_test_reader/internal/testutil/mock_server.go:198.25,202.3 3 0
github.com/allanpk716/go_test_reader/internal/testutil/mock_server.go:205.2,205.63 1 0
github.com/allanpk716/go_test_reader/internal/testutil/mock_server.go:205.63,208.3 2 0
github.com/allanpk716/go_test_reader/internal/testutil/mock_server.go:211.2,212.16 2 0
github.com/allanpk716/go_test_reader/internal/testutil/mock_server.go:212.16,215.3 2 0
github.com/allanpk716/go_test_reader/internal/testutil/mock_server.go:217.2,224.20 3 0
github.com/allanpk716/go_test_reader/internal/testutil/mock_server.go:228.98,229.20 1 0
github.com/allanpk716/go_test_reader/internal/testutil/mock_server.go:229.20,233.3 3 0
github.com/allanpk716/go_test_reader/internal/testutil/mock_server.go:236.2,236.65 1 0
github.com/allanpk716/go_test_reader/internal/testutil/mock_server.go:236.65,239.3 2 0
github.com/allanpk716/go_test_reader/internal/testutil/mock_server.go:242.2,246.21 4 0
github.com/allanpk716/go_test_reader/internal/testutil/mock_server.go:250.72,252.17 2 0
github.com/allanpk716/go_test_reader/internal/testutil/mock_server.go:252.17,254.3 1 0
github.com/allanpk716/go_test_reader/internal/testutil/mock_server.go:257.2,260.23 2 0
github.com/allanpk716/go_test_reader/internal/testutil/mock_server.go:260.23,262.3 1 0
github.com/allanpk716/go_test_reader/internal/testutil/mock_server.go:265.2,274.30 6 0
github.com/allanpk716/go_test_reader/internal/testutil/mock_server.go:278.70,283.2 4 0
github.com/allanpk716/go_test_reader/internal/testutil/mock_server.go:286.65,288.17 2 0
github.com/allanpk716/go_test_reader/internal/testutil/mock_server.go:288.17,290.3 1 0
github.com/allanpk716/go_test_reader/internal/testutil/mock_server.go:294.56,296.2 1 0
github.com/allanpk716/go_test_reader/internal/testutil/mock_server.go:304.54,310.2 3 0
github.com/allanpk716/go_test_reader/internal/testutil/mock_server.go:313.54,334.2 5 0
github.com/allanpk716/go_test_reader/internal/testutil/mock_server.go:337.76,340.2 2 0
github.com/allanpk716/go_test_reader/internal/testutil/mock_server.go:343.59,345.32 2 0
github.com/allanpk716/go_test_reader/internal/testutil/mock_server.go:345.32,347.3 1 0
github.com/allanpk716/go_test_reader/internal/testutil/mock_server.go:348.2,348.18 1 0
github.com/allanpk716/go_test_reader/internal/testutil/mock_server.go:352.66,354.2 1 0
github.com/allanpk716/go_test_reader/internal/testutil/testutil.go:18.48,20.2 1 0
github.com/allanpk716/go_test_reader/internal/testutil/testutil.go:23.59,31.2 1 0
github.com/allanpk716/go_test_reader/internal/testutil/testutil.go:34.61,38.2 1 0
github.com/allanpk716/go_test_reader/internal/testutil/testutil.go:41.66,46.2 1 0
github.com/allanpk716/go_test_reader/internal/testutil/testutil.go:49.61,53.2 1 0
github.com/allanpk716/go_test_reader/internal/testutil/testutil.go:56.55,58.2 1 0
github.com/allanpk716/go_test_reader/internal/testutil/testutil.go:61.61,72.2 1 0
github.com/allanpk716/go_test_reader/internal/testutil/testutil.go:88.42,119.2 1 0
github.com/allanpk716/go_test_reader/internal/testutil/testutil.go:122.66,134.2 1 0
github.com/allanpk716/go_test_reader/internal/testutil/testutil.go:140.34,142.2 1 0
github.com/allanpk716/go_test_reader/internal/testutil/testutil.go:145.74,150.16 4 0
github.com/allanpk716/go_test_reader/internal/testutil/testutil.go:150.16,152.3 1 0
github.com/allanpk716/go_test_reader/internal/testutil/testutil.go:154.2,154.17 1 0
github.com/allanpk716/go_test_reader/internal/testutil/testutil.go:158.92,163.16 4 0
github.com/allanpk716/go_test_reader/internal/testutil/testutil.go:163.16,165.3 1 0
github.com/allanpk716/go_test_reader/internal/testutil/testutil.go:167.2,167.17 1 0
github.com/allanpk716/go_test_reader/internal/testutil/testutil.go:174.44,176.2 1 0
github.com/allanpk716/go_test_reader/internal/testutil/testutil.go:179.66,180.16 1 0
github.com/allanpk716/go_test_reader/internal/testutil/testutil.go:180.16,182.3 1 0
github.com/allanpk716/go_test_reader/internal/testutil/testutil.go:186.64,187.16 1 0
github.com/allanpk716/go_test_reader/internal/testutil/testutil.go:187.16,189.3 1 0
github.com/allanpk716/go_test_reader/internal/testutil/testutil.go:193.93,194.16 1 0
github.com/allanpk716/go_test_reader/internal/testutil/testutil.go:194.16,196.3 1 0
github.com/allanpk716/go_test_reader/internal/testutil/testutil.go:197.2,197.50 1 0
github.com/allanpk716/go_test_reader/internal/testutil/testutil.go:197.50,199.3 1 0
github.com/allanpk716/go_test_reader/internal/testutil/testutil.go:203.83,204.24 1 0
github.com/allanpk716/go_test_reader/internal/testutil/testutil.go:204.24,206.3 1 0
github.com/allanpk716/go_test_reader/internal/testutil/testutil.go:210.73,211.18 1 0
github.com/allanpk716/go_test_reader/internal/testutil/testutil.go:211.18,213.3 1 0
github.com/allanpk716/go_test_reader/internal/testutil/testutil.go:217.70,218.18 1 0
github.com/allanpk716/go_test_reader/internal/testutil/testutil.go:218.18,220.3 1 0
github.com/allanpk716/go_test_reader/internal/testutil/testutil.go:224.91,225.34 1 0
github.com/allanpk716/go_test_reader/internal/testutil/testutil.go:225.34,228.3 2 0
github.com/allanpk716/go_test_reader/internal/testutil/testutil.go:229.2,229.31 1 0
github.com/allanpk716/go_test_reader/internal/testutil/testutil.go:229.31,230.23 1 0
github.com/allanpk716/go_test_reader/internal/testutil/testutil.go:230.23,232.4 1 0
github.com/allanpk716/go_test_reader/internal/testutil/testutil.go:240.48,242.2 1 0
github.com/allanpk716/go_test_reader/internal/testutil/testutil.go:245.92,248.37 2 0
github.com/allanpk716/go_test_reader/internal/testutil/testutil.go:248.37,249.22 1 0
github.com/allanpk716/go_test_reader/internal/testutil/testutil.go:249.22,250.17 1 0
github.com/allanpk716/go_test_reader/internal/testutil/testutil.go:250.17,251.33 1 0
github.com/allanpk716/go_test_reader/internal/testutil/testutil.go:251.33,253.6 1 0
github.com/allanpk716/go_test_reader/internal/testutil/testutil.go:254.5,254.17 1 0
github.com/allanpk716/go_test_reader/internal/testutil/testutil.go:256.4,256.13 1 0
github.com/allanpk716/go_test_reader/internal/testutil/testutil.go:261.2,261.37 1 0
github.com/allanpk716/go_test_reader/internal/testutil/testutil.go:261.37,262.10 1 0
github.com/allanpk716/go_test_reader/internal/testutil/testutil.go:263.15,263.15 0 0
github.com/allanpk716/go_test_reader/internal/testutil/testutil.go:265.39,266.51 1 0
github.com/allanpk716/go_test_reader/internal/testutil/testutil.go:272.114,273.9 1 0
github.com/allanpk716/go_test_reader/internal/testutil/testutil.go:274.23,275.15 1 0
github.com/allanpk716/go_test_reader/internal/testutil/testutil.go:275.15,277.4 1 0
github.com/allanpk716/go_test_reader/internal/testutil/testutil.go:278.29,279.47 1 0
github.com/allanpk716/go_test_reader/internal/testutil/testutil.go:292.32,299.2 1 0
github.com/allanpk716/go_test_reader/internal/testutil/testutil.go:305.44,307.2 1 0
github.com/allanpk716/go_test_reader/internal/testutil/testutil.go:310.69,314.32 3 0
github.com/allanpk716/go_test_reader/internal/testutil/testutil.go:314.32,332.15 10 0
github.com/allanpk716/go_test_reader/internal/testutil/testutil.go:332.15,338.4 3 0
github.com/allanpk716/go_test_reader/internal/testutil/testutil.go:340.3,342.28 2 0
github.com/allanpk716/go_test_reader/internal/testutil/testutil.go:345.2,345.25 1 0
github.com/allanpk716/go_test_reader/internal/testutil/testutil.go:349.86,367.2 2 0
github.com/allanpk716/go_test_reader/internal/server/server.go:58.41,74.2 5 1
github.com/allanpk716/go_test_reader/internal/server/server.go:77.52,80.2 2 0
github.com/allanpk716/go_test_reader/internal/server/server.go:83.37,114.2 5 1
github.com/allanpk716/go_test_reader/internal/server/server.go:117.184,119.20 2 1
github.com/allanpk716/go_test_reader/internal/server/server.go:119.20,121.3 1 1
github.com/allanpk716/go_test_reader/internal/server/server.go:124.2,147.8 5 1
github.com/allanpk716/go_test_reader/internal/server/server.go:151.74,152.15 1 1
github.com/allanpk716/go_test_reader/internal/server/server.go:152.15,153.31 1 1
github.com/allanpk716/go_test_reader/internal/server/server.go:153.31,155.4 1 0
github.com/allanpk716/go_test_reader/internal/server/server.go:159.2,160.16 2 1
github.com/allanpk716/go_test_reader/internal/server/server.go:160.16,163.3 2 1
github.com/allanpk716/go_test_reader/internal/server/server.go:164.2,168.16 3 1
github.com/allanpk716/go_test_reader/internal/server/server.go:168.16,171.3 2 1
github.com/allanpk716/go_test_reader/internal/server/server.go:174.2,174.24 1 1
github.com/allanpk716/go_test_reader/internal/server/server.go:178.195,180.18 2 1
github.com/allanpk716/go_test_reader/internal/server/server.go:180.18,182.3 1 1
github.com/allanpk716/go_test_reader/internal/server/server.go:184.2,185.17 2 1
github.com/allanpk716/go_test_reader/internal/server/server.go:185.17,187.3 1 1
github.com/allanpk716/go_test_reader/internal/server/server.go:189.2,198.8 2 1
github.com/allanpk716/go_test_reader/internal/server/server.go:202.190,204.18 2 1
github.com/allanpk716/go_test_reader/internal/server/server.go:204.18,206.3 1 1
github.com/allanpk716/go_test_reader/internal/server/server.go:208.2,209.16 2 1
github.com/allanpk716/go_test_reader/internal/server/server.go:209.16,211.3 1 1
github.com/allanpk716/go_test_reader/internal/server/server.go:213.2,230.8 2 1
github.com/allanpk716/go_test_reader/internal/server/server.go:234.198,236.18 2 1
github.com/allanpk716/go_test_reader/internal/server/server.go:236.18,238.3 1 1
github.com/allanpk716/go_test_reader/internal/server/server.go:240.2,241.20 2 1
github.com/allanpk716/go_test_reader/internal/server/server.go:241.20,243.3 1 1
github.com/allanpk716/go_test_reader/internal/server/server.go:245.2,246.17 2 1
github.com/allanpk716/go_test_reader/internal/server/server.go:246.17,248.3 1 1
github.com/allanpk716/go_test_reader/internal/server/server.go:250.2,251.20 2 1
github.com/allanpk716/go_test_reader/internal/server/server.go:251.20,253.3 1 0
github.com/allanpk716/go_test_reader/internal/server/server.go:255.2,262.8 1 1
